Flutter crash report.
Please report a bug at https://github.com/flutter/flutter/issues.

## command

flutter test test/inspector_panel_test.dart

## exception

PathNotFoundException: PathNotFoundException: Deletion failed, path = '/Users/marko/Projects/yt_dlp_desktop/build/native_assets/macos/objective_c.dylib.XXXXXX' (OS Error: No such file or directory, errno = 2)

```
#0      _checkForErrorResponse (dart:io/common.dart:58:9)
#1      _Directory._delete.<anonymous closure> (dart:io/directory_impl.dart:208:7)
#2      _rootRunUnary (dart:async/zone_root.dart:48:47)
#3      _CustomZone.runUnary (dart:async/zone.dart:733:19)
<asynchronous suspension>
#4      _File._delete.<anonymous closure> (dart:io/file_impl.dart:345:63)
<asynchronous suspension>
#5      ForwardingFileSystemEntity.delete (package:file/src/forwarding/forwarding_file_system_entity.dart:66:12)
<asynchronous suspension>
#6      ForwardingFileSystemEntity.delete (package:file/src/forwarding/forwarding_file_system_entity.dart:66:12)
<asynchronous suspension>
#7      _copyNativeCodeAssetsForOS (package:flutter_tools/src/isolated/native_assets/native_assets.dart:468:5)
<asynchronous suspension>
#8      installCodeAssets (package:flutter_tools/src/isolated/native_assets/native_assets.dart:135:37)
<asynchronous suspension>
#9      testCompilerBuildNativeAssets (package:flutter_tools/src/isolated/native_assets/test/native_assets.dart:88:3)
<asynchronous suspension>
#10     TestCommand.runCommand (package:flutter_tools/src/commands/test.dart:494:11)
<asynchronous suspension>
#11     FlutterCommand.run.<anonymous closure> (package:flutter_tools/src/runner/flutter_command.dart:1630:27)
<asynchronous suspension>
#12     AppContext.run.<anonymous closure> (package:flutter_tools/src/base/context.dart:154:19)
<asynchronous suspension>
#13     CommandRunner.runCommand (package:args/command_runner.dart:212:13)
<asynchronous suspension>
#14     FlutterCommandRunner.runCommand.<anonymous closure> (package:flutter_tools/src/runner/flutter_command_runner.dart:496:9)
<asynchronous suspension>
#15     AppContext.run.<anonymous closure> (package:flutter_tools/src/base/context.dart:154:19)
<asynchronous suspension>
#16     FlutterCommandRunner.runCommand (package:flutter_tools/src/runner/flutter_command_runner.dart:431:5)
<asynchronous suspension>
#17     FlutterCommandRunner.run.<anonymous closure> (package:flutter_tools/src/runner/flutter_command_runner.dart:307:33)
<asynchronous suspension>
#18     run.<anonymous closure>.<anonymous closure> (package:flutter_tools/runner.dart:104:11)
<asynchronous suspension>
#19     AppContext.run.<anonymous closure> (package:flutter_tools/src/base/context.dart:154:19)
<asynchronous suspension>
#20     main (package:flutter_tools/executable.dart:103:3)
<asynchronous suspension>
```

## flutter doctor

```
[✓] Flutter (Channel stable, 3.44.1, on macOS 26.2 25C56 darwin-arm64, locale en-US) [244ms]
    • Flutter version 3.44.1 on channel stable at /Users/marko/fvm/versions/3.44.1
    • Upstream repository https://github.com/flutter/flutter.git
    • Framework revision 924134a44c (3 weeks ago), 2026-05-29 12:13:22 -0400
    • Engine revision c416acfeb8
    • Dart version 3.12.1
    • DevTools version 2.57.0
    • Feature flags: enable-web, enable-linux-desktop, enable-macos-desktop, enable-windows-desktop, enable-android, enable-ios, cli-animations, enable-native-assets, enable-swift-package-manager, omit-legacy-version-file, enable-lldb-debugging, enable-uiscene-migration

[✓] Android toolchain - develop for Android devices (Android SDK version 36.1.0) [1,360ms]
    • Android SDK at /Users/marko/Library/Android/sdk
    • Emulator version 36.2.11.0 (build_id 14212360) (CL:N/A)
    • Platform android-36, build-tools 36.1.0
    • Java binary at: /Applications/Android Studio.app/Contents/jbr/Contents/Home/bin/java
      This is the JDK bundled with the latest Android Studio installation on this machine.
      To manually set the JDK path, use: `flutter config --jdk-dir="path/to/jdk"`.
    • Java version OpenJDK Runtime Environment (build 21.0.8+-14018985-b1038.68)
    • All Android licenses accepted.

[✓] Xcode - develop for iOS and macOS (Xcode 26.1.1) [755ms]
    • Xcode at /Applications/Xcode.app/Contents/Developer
    • Build 17B100
    • CocoaPods version 1.16.2

[✓] Chrome - develop for the web [3ms]
    • Chrome at /Applications/Google Chrome.app/Contents/MacOS/Google Chrome

[✓] Connected device (4 available) [9.5s]
    • Marko’s iPhone (wireless) (mobile) • 00008140-001A09C83EF3001C            • ios            • iOS 26.5 23F77
    • iPhone 17 Pro (mobile)             • E435E178-A0C7-4F33-9F06-B78C3307E3B1 • ios            • com.apple.CoreSimulator.SimRuntime.iOS-26-1 (simulator)
    • macOS (desktop)                    • macos                                • darwin-arm64   • macOS 26.2 25C56 darwin-arm64
    • Chrome (web)                       • chrome                               • web-javascript • Google Chrome 149.0.7827.114

[✓] Network resources [601ms]
    • All expected network resources are available.

• No issues found!
```
